Sweep: 6 data combos x 3 windows = 18 configs

  full                 2002+  | 2025 bias +0.36 rmse 0.40 | val bias +0.11 rmse 0.79 | norm rmse 0.68
  full                 2013+  | 2025 bias +0.06 rmse 0.15 | val bias -0.15 rmse 0.85 | norm rmse 0.44
  full                 2016+  | 2025 bias +0.04 rmse 0.12 | val bias -0.17 rmse 0.84 | norm rmse 0.43
  drop_foreign         2002+  | 2025 bias +0.24 rmse 0.25 | val bias -0.21 rmse 0.78 | norm rmse 0.54
  drop_foreign         2013+  | 2025 bias +0.09 rmse 0.22 | val bias +0.02 rmse 0.68 | norm rmse 0.36
  drop_foreign         2016+  | 2025 bias +0.05 rmse 0.21 | val bias -0.01 rmse 0.68 | norm rmse 0.40
  drop_constr_exports  2002+  | 2025 bias +0.39 rmse 0.39 | val bias +0.11 rmse 0.56 | norm rmse 0.54
  drop_constr_exports  2013+  | 2025 bias +0.12 rmse 0.16 | val bias -0.12 rmse 0.76 | norm rmse 0.45
  drop_constr_exports  2016+  | 2025 bias +0.08 rmse 0.12 | val bias -0.16 rmse 0.75 | norm rmse 0.44
  domestic_core+soft   2002+  | 2025 bias +0.22 rmse 0.23 | val bias -0.17 rmse 0.75 | norm rmse 0.63
  domestic_core+soft   2013+  | 2025 bias +0.15 rmse 0.16 | val bias -0.14 rmse 0.62 | norm rmse 0.37
  domestic_core+soft   2016+  | 2025 bias +0.09 rmse 0.11 | val bias -0.18 rmse 0.61 | norm rmse 0.34
  drop_foreign+ce      2002+  | 2025 bias +0.21 rmse 0.22 | val bias -0.16 rmse 0.76 | norm rmse 0.65
  drop_foreign+ce      2013+  | 2025 bias +0.13 rmse 0.14 | val bias -0.18 rmse 0.65 | norm rmse 0.37
  drop_foreign+ce      2016+  | 2025 bias +0.06 rmse 0.08 | val bias -0.24 rmse 0.66 | norm rmse 0.33
  foreign_own_block    2002+  | 2025 bias +0.26 rmse 0.33 | val bias +0.06 rmse 0.79 | norm rmse 0.57
  foreign_own_block    2013+  | 2025 bias -0.02 rmse 0.23 | val bias -0.13 rmse 0.92 | norm rmse 0.43
  foreign_own_block    2016+  | 2025 bias -0.03 rmse 0.23 | val bias -0.15 rmse 0.92 | norm rmse 0.43

Best configs (min |2025 bias| + val RMSE):
              data period  bias_2025  rmse_2025  bias_val  rmse_val  rmse_norm
domestic_core+soft  2016+      0.087      0.107    -0.182     0.606      0.342
   drop_foreign+ce  2016+      0.055      0.083    -0.242     0.659      0.335
      drop_foreign  2016+      0.055      0.212    -0.011     0.676      0.397
domestic_core+soft  2013+      0.154      0.164    -0.139     0.615      0.375
      drop_foreign  2013+      0.093      0.224     0.024     0.679      0.355

Wrote outputs/regime_experiment.{csv,png}
